TN:
SF:components\boardOperations.ts
FN:3,canClearRow
FN:8,updateScore
FN:28,clearRows
FN:40,canMove
FNF:4
FNH:4
FNDA:9,canClearRow
FNDA:10,updateScore
FNDA:3,clearRows
FNDA:3,canMove
DA:1,1
DA:3,1
DA:4,9
DA:5,9
DA:6,9
DA:8,1
DA:9,10
DA:10,10
DA:11,2
DA:12,2
DA:13,10
DA:14,3
DA:15,3
DA:16,10
DA:17,1
DA:18,1
DA:19,10
DA:20,1
DA:21,1
DA:22,10
DA:23,3
DA:24,10
DA:25,10
DA:26,10
DA:28,1
DA:29,3
DA:30,3
DA:32,3
DA:34,3
DA:36,3
DA:37,3
DA:40,1
DA:41,3
DA:42,3
DA:43,3
DA:44,3
DA:45,3
DA:47,3
DA:48,3
DA:49,3
DA:50,3
DA:51,3
DA:52,3
DA:53,1
DA:54,1
DA:56,2
DA:57,2
DA:58,3
DA:59,3
DA:60,1
DA:61,1
DA:62,3
DA:63,3
DA:64,1
DA:66,1
DA:67,1
LF:56
LH:56
BRDA:3,0,0,9
BRDA:5,1,0,22
BRDA:8,2,0,10
BRDA:10,3,0,2
BRDA:13,4,0,3
BRDA:16,5,0,1
BRDA:19,6,0,1
BRDA:22,7,0,3
BRDA:28,8,0,3
BRDA:29,9,0,7
BRDA:34,10,0,3
BRDA:40,11,0,3
BRDA:52,12,0,1
BRDA:54,13,0,2
BRDA:57,14,0,3
BRDA:59,15,0,1
BRDA:63,16,0,1
BRDA:64,17,0,1
BRF:18
BRH:18
end_of_record
TN:
SF:components\types.tsx
FNF:0
FNH:0
DA:1,1
DA:2,1
DA:3,1
DA:4,1
DA:5,1
DA:6,1
DA:7,1
DA:8,1
DA:9,1
DA:11,1
DA:12,1
DA:13,1
LF:12
LH:12
BRDA:1,0,0,1
BRDA:11,1,0,1
BRF:2
BRH:2
end_of_record
