TN:
SF:components\Preview.tsx
FN:9,Preview
FNF:1
FNH:1
FNDA:1,Preview
DA:1,1
DA:3,1
DA:9,1
DA:10,1
DA:11,1
DA:12,1
DA:13,1
DA:14,1
DA:15,2
DA:16,2
DA:17,6
DA:18,2
DA:19,2
DA:20,1
DA:21,1
DA:22,1
DA:24,1
DA:26,1
LF:18
LH:18
BRDA:9,0,0,1
BRDA:14,1,0,2
BRDA:16,2,0,6
BRF:3
BRH:3
end_of_record
TN:
SF:components\Square.tsx
FN:10,Square
FNF:1
FNH:1
FNDA:6,Square
DA:1,1
DA:2,1
DA:10,1
DA:11,6
DA:12,6
DA:14,6
DA:16,1
LF:7
LH:7
BRDA:10,0,0,6
BRF:1
BRH:1
end_of_record
TN:
SF:components\types.tsx
FNF:0
FNH:0
DA:1,1
DA:2,1
DA:3,1
DA:4,1
DA:5,1
DA:6,1
DA:7,1
DA:8,1
DA:9,1
DA:11,1
DA:12,1
DA:13,1
LF:12
LH:12
BRDA:1,0,0,1
BRDA:11,1,0,1
BRF:2
BRH:2
end_of_record
